<?xml version="1.0" encoding="UTF-8"?>
<testsuite xmlns:xsi="http://www.w3.org/2001/XMLSchema-instance" xsi:noNamespaceSchemaLocation="https://maven.apache.org/surefire/maven-surefire-plugin/xsd/surefire-test-report.xsd" version="3.0.1" name="ma.ac.uir.PersonTest" time="0.146" tests="1" errors="0" skipped="0" failures="0">
  <properties>
    <property name="java.specification.version" value="17"/>
    <property name="sun.cpu.isalist" value="amd64"/>
    <property name="sun.jnu.encoding" value="Cp1252"/>
    <property name="java.class.path" value="D:\s9\GenieLog\TPs\TP2\application\myApp\target\test-classes;D:\s9\GenieLog\TPs\TP2\application\myApp\target\classes;C:\Users\noure\.m2\repository\org\junit\jupiter\junit-jupiter-api\5.11.0\junit-jupiter-api-5.11.0.jar;C:\Users\noure\.m2\repository\org\opentest4j\opentest4j\1.3.0\opentest4j-1.3.0.jar;C:\Users\noure\.m2\repository\org\junit\platform\junit-platform-commons\1.11.0\junit-platform-commons-1.11.0.jar;C:\Users\noure\.m2\repository\org\apiguardian\apiguardian-api\1.1.2\apiguardian-api-1.1.2.jar;C:\Users\noure\.m2\repository\org\junit\jupiter\junit-jupiter-params\5.11.0\junit-jupiter-params-5.11.0.jar;"/>
    <property name="java.vm.vendor" value="Oracle Corporation"/>
    <property name="sun.arch.data.model" value="64"/>
    <property name="user.variant" value=""/>
    <property name="java.vendor.url" value="https://java.oracle.com/"/>
    <property name="user.timezone" value="Africa/Casablanca"/>
    <property name="os.name" value="Windows 10"/>
    <property name="java.vm.specification.version" value="17"/>
    <property name="user.country" value="FR"/>
    <property name="sun.java.launcher" value="SUN_STANDARD"/>
    <property name="sun.boot.library.path" value="C:\Program Files\Java\jdk-17\bin"/>
    <property name="sun.java.command" value="C:\Users\noure\AppData\Local\Temp\surefire17823020652762711729\surefirebooter-20251022115717006_3.jar C:\Users\noure\AppData\Local\Temp\surefire17823020652762711729 2025-10-22T11-57-14_613-jvmRun1 surefire-20251022115717006_1tmp surefire_0-20251022115717006_2tmp"/>
    <property name="jdk.debug" value="release"/>
    <property name="test" value="ma.ac.uir.PersonTest"/>
    <property name="surefire.test.class.path" value="D:\s9\GenieLog\TPs\TP2\application\myApp\target\test-classes;D:\s9\GenieLog\TPs\TP2\application\myApp\target\classes;C:\Users\noure\.m2\repository\org\junit\jupiter\junit-jupiter-api\5.11.0\junit-jupiter-api-5.11.0.jar;C:\Users\noure\.m2\repository\org\opentest4j\opentest4j\1.3.0\opentest4j-1.3.0.jar;C:\Users\noure\.m2\repository\org\junit\platform\junit-platform-commons\1.11.0\junit-platform-commons-1.11.0.jar;C:\Users\noure\.m2\repository\org\apiguardian\apiguardian-api\1.1.2\apiguardian-api-1.1.2.jar;C:\Users\noure\.m2\repository\org\junit\jupiter\junit-jupiter-params\5.11.0\junit-jupiter-params-5.11.0.jar;"/>
    <property name="sun.cpu.endian" value="little"/>
    <property name="user.home" value="C:\Users\noure"/>
    <property name="user.language" value="fr"/>
    <property name="java.specification.vendor" value="Oracle Corporation"/>
    <property name="java.version.date" value="2024-07-16"/>
    <property name="java.home" value="C:\Program Files\Java\jdk-17"/>
    <property name="file.separator" value="\"/>
    <property name="basedir" value="D:\s9\GenieLog\TPs\TP2\application\myApp"/>
    <property name="java.vm.compressedOopsMode" value="32-bit"/>
    <property name="line.separator" value="&#10;"/>
    <property name="java.vm.specification.vendor" value="Oracle Corporation"/>
    <property name="java.specification.name" value="Java Platform API Specification"/>
    <property name="surefire.real.class.path" value="C:\Users\noure\AppData\Local\Temp\surefire17823020652762711729\surefirebooter-20251022115717006_3.jar"/>
    <property name="user.script" value=""/>
    <property name="sun.management.compiler" value="HotSpot 64-Bit Tiered Compilers"/>
    <property name="java.runtime.version" value="17.0.12+8-LTS-286"/>
    <property name="user.name" value="noure"/>
    <property name="path.separator" value=";"/>
    <property name="os.version" value="10.0"/>
    <property name="java.runtime.name" value="Java(TM) SE Runtime Environment"/>
    <property name="file.encoding" value="Cp1252"/>
    <property name="java.vm.name" value="Java HotSpot(TM) 64-Bit Server VM"/>
    <property name="maven.ext.class.path" value="C:\Users\noure\.vscode\extensions\oracle.oracle-java-24.1.2\nbcode\java\maven-nblib\netbeans-eventspy.jar"/>
    <property name="localRepository" value="C:\Users\noure\.m2\repository"/>
    <property name="java.vendor.url.bug" value="https://bugreport.java.com/bugreport/"/>
    <property name="java.io.tmpdir" value="C:\Users\noure\AppData\Local\Temp\"/>
    <property name="java.version" value="17.0.12"/>
    <property name="user.dir" value="D:\s9\GenieLog\TPs\TP2\application\myApp"/>
    <property name="os.arch" value="amd64"/>
    <property name="java.vm.specification.name" value="Java Virtual Machine Specification"/>
    <property name="sun.os.patch.level" value=""/>
    <property name="native.encoding" value="Cp1252"/>
    <property name="java.library.path" value="C:\Program Files\Java\jdk-17\bin;C:\Windows\Sun\Java\bin;C:\Windows\system32;C:\Windows;C:\Program Files\Eclipse Adoptium\jdk-25.0.0.36-hotspot\bin;D:\mes_programmes\vmware17\bin\;C:\Program Files\Common Files\Oracle\Java\javapath;D:\mes_programmes\oracle\dbhomeFree\bin;C:\Python313\Scripts\;C:\Python313\;C:\Windows\system32;C:\Windows;C:\Windows\System32\Wbem;C:\Windows\System32\WindowsPowerShell\v1.0\;C:\Windows\System32\OpenSSH\;C:\ProgramData\chocolatey\bin;D:\mes_programmes\Ruby31-x64\bin;D:\mes_programmes\bin\;D:\mes_programmes\Git\cmd;C:\Program Files\Microsoft SQL Server\150\Tools\Binn\;C:\Program Files\Microsoft SQL Server\Client SDK\ODBC\170\Tools\Binn\;C:\Program Files\dotnet\;D:\mes_programmes\ideaIU-2024.3.5.win\bin;D:\mes_programmes\OpenSSL-Win64\bin;D:\mes_programmes\sqlite;D:\mes_programmes\apache-maven-3.9.9-bin\apache-maven-3.9.9\bin;D:\mes_programmes\node\;D:\monProjet\monApp\node_modules\.bin;C:\Program Files (x86)\Microsoft SQL Server\160\DTS\Binn\;D:\mes_programmes\xampp\php;C:\ProgramData\ComposerSetup\bin;D:\mes_programmes\xampp\mysql\bin;C:\Program Files\Java\jdk-17\bin;D:\mes_programmes\GitLab-Runner;C:\Users\noure\AppData\Local\Microsoft\WindowsApps;C:\Users\noure\AppData\Local\Yarn\bin;C:\Users\noure\.dotnet\tools;D:\mes_programmes\IntelliJ IDEA 2025.1\bin;D:\mes_programmes\IntelliJ IDEA Community Edition 2025.1\bin;C:\Users\noure\AppData\Roaming\npm;C:\Users\noure\AppData\Roaming\Composer\vendor\bin;D:\mes_programmes\Microsoft VS Code\bin;."/>
    <property name="java.vm.info" value="mixed mode, sharing"/>
    <property name="java.vendor" value="Oracle Corporation"/>
    <property name="java.vm.version" value="17.0.12+8-LTS-286"/>
    <property name="sun.io.unicode.encoding" value="UnicodeLittle"/>
    <property name="java.class.version" value="61.0"/>
  </properties>
  <testcase name="testGetDisplayName" classname="ma.ac.uir.PersonTest" time="0.057"/>
</testsuite>